<?xml version="1.0" encoding="UTF-8"?>
<testng-results ignored="0" total="1" passed="1" failed="0" skipped="0">
  <reporter-output>
  </reporter-output>
  <suite started-at="2023-10-12T09:45:51 IST" name="Default suite" finished-at="2023-10-12T09:46:01 IST" duration-ms="10221">
    <groups>
    </groups>
    <test started-at="2023-10-12T09:45:51 IST" name="Default test" finished-at="2023-10-12T09:46:01 IST" duration-ms="10221">
      <class name="Scripts.TestCase1">
        <test-method is-config="true" signature="openApp()[pri:0, instance:Scripts.TestCase1@3232a28a]" started-at="2023-10-12T09:45:51 IST" name="openApp" finished-at="2023-10-12T09:45:57 IST" duration-ms="5881" status="PASS">
          <reporter-output>
          </reporter-output>
        </test-method> <!-- openApp -->
        <test-method signature="tc1()[pri:0, instance:Scripts.TestCase1@3232a28a]" started-at="2023-10-12T09:45:57 IST" name="tc1" finished-at="2023-10-12T09:46:01 IST" duration-ms="3746" status="PASS">
          <reporter-output>
          </reporter-output>
        </test-method> <!-- tc1 -->
        <test-method is-config="true" signature="closeApp(org.testng.ITestResult)[pri:0, instance:Scripts.TestCase1@3232a28a]" started-at="2023-10-12T09:46:01 IST" name="closeApp" finished-at="2023-10-12T09:46:01 IST" duration-ms="544" status="PASS">
          <params>
            <param index="0">
              <value>
                <![CDATA[[TestResult name=tc1 status=SUCCESS method=TestCase1.tc1()[pri:0, instance:Scripts.TestCase1@3232a28a] output={null}]]]>
              </value>
            </param>
          </params>
          <reporter-output>
          </reporter-output>
        </test-method> <!-- closeApp -->
      </class> <!-- Scripts.TestCase1 -->
    </test> <!-- Default test -->
  </suite> <!-- Default suite -->
</testng-results>
